<?xml version="1.0" encoding="UTF-8"?>
<testsuite xmlns:xsi="http://www.w3.org/2001/XMLSchema-instance" xsi:noNamespaceSchemaLocation="https://maven.apache.org/surefire/maven-surefire-plugin/xsd/surefire-test-report-3.0.xsd" version="3.0" name="com.internhub.api.ApiApplicationTests" time="6.9" tests="1" errors="0" skipped="0" failures="0">
  <properties>
[...]
</properties>
  <testcase name="contextLoads" classname="com.internhub.api.ApiApplicationTests" time="0.534">
    <system-out><![CDATA[16:48:04.957 [main] INFO org.springframework.test.context.support.AnnotationConfigContextLoaderUtils -- Could not detect default configuration classes for test class [com.internhub.api.ApiApplicationTests]: ApiApplicationTests does not declare any static, non-private, non-final, nested classes annotated with @Configuration.
16:48:05.074 [main] INFO org.springframework.boot.test.context.SpringBootTestContextBootstrapper -- Found @SpringBootConfiguration com.internhub.api.ApiApplication for test class com.internhub.api.ApiApplicationTests
2024-05-17T16:48:05.553+03:00  INFO 25724 --- [api] [           main] com.internhub.api.ApiApplicationTests    : Starting ApiApplicationTests using Java 19.0.1 with PID 25724 (started by moham in D:\Graduation Project\InternHub\internHub_server\api)
2024-05-17T16:48:05.555+03:00  INFO 25724 --- [api] [           main] com.internhub.api.ApiApplicationTests    : No active profile set, falling back to 1 default profile: "default"
2024-05-17T16:48:06.648+03:00  INFO 25724 --- [api] [           main] .s.d.r.c.RepositoryConfigurationDelegate : Bootstrapping Spring Data JPA repositories in DEFAULT mode.
2024-05-17T16:48:06.704+03:00  INFO 25724 --- [api] [           main] .s.d.r.c.RepositoryConfigurationDelegate : Finished Spring Data repository scanning in 43 ms. Found 0 JPA repository interfaces.
2024-05-17T16:48:07.397+03:00  INFO 25724 --- [api] [           main] com.zaxxer.hikari.HikariDataSource       : HikariPool-1 - Starting...
2024-05-17T16:48:07.997+03:00  INFO 25724 --- [api] [           main] com.zaxxer.hikari.pool.HikariPool        : HikariPool-1 - Added connection com.mysql.cj.jdbc.ConnectionImpl@17ec335a
2024-05-17T16:48:07.999+03:00  INFO 25724 --- [api] [           main] com.zaxxer.hikari.HikariDataSource       : HikariPool-1 - Start completed.
2024-05-17T16:48:08.046+03:00  INFO 25724 --- [api] [           main] o.hibernate.jpa.internal.util.LogHelper  : HHH000204: Processing PersistenceUnitInfo [name: default]
2024-05-17T16:48:08.124+03:00  INFO 25724 --- [api] [           main] org.hibernate.Version                    : HHH000412: Hibernate ORM core version 6.4.4.Final
2024-05-17T16:48:08.157+03:00  INFO 25724 --- [api] [           main] o.h.c.internal.RegionFactoryInitiator    : HHH000026: Second-level cache disabled
2024-05-17T16:48:08.258+03:00 DEBUG 25724 --- [api] [           main] org.hibernate.type.BasicTypeRegistry     : Adding type registration boolean -> org.hibernate.type.BasicTypeReference@be6d228
2024-05-17T16:48:08.258+03:00 DEBUG 25724 --- [api] [           main] org.hibernate.type.BasicTypeRegistry     : Adding type registration boolean -> org.hibernate.type.BasicTypeReference@be6d228
2024-05-17T16:48:08.259+03:00 DEBUG 25724 --- [api] [           main] org.hibernate.type.BasicTypeRegistry     : Adding type registration java.lang.Boolean -> org.hibernate.type.BasicTypeReference@be6d228
2024-05-17T16:48:08.259+03:00 DEBUG 25724 --- [api] [           main] org.hibernate.type.BasicTypeRegistry     : Adding type registration numeric_boolean -> org.hibernate.type.BasicTypeReference@60c96eb4
2024-05-17T16:48:08.259+03:00 DEBUG 25724 --- [api] [           main] org.hibernate.type.BasicTypeRegistry     : Adding type registration org.hibernate.type.NumericBooleanConverter -> org.hibernate.type.BasicTypeReference@60c96eb4
2024-05-17T16:48:08.259+03:00 DEBUG 25724 --- [api] [           main] org.hibernate.type.BasicTypeRegistry     : Adding type registration true_false -> org.hibernate.type.BasicTypeReference@7eee6c13
2024-05-17T16:48:08.259+03:00 DEBUG 25724 --- [api] [           main] org.hibernate.type.BasicTypeRegistry     : Adding type registration org.hibernate.type.TrueFalseConverter -> org.hibernate.type.BasicTypeReference@7eee6c13
2024-05-17T16:48:08.259+03:00 DEBUG 25724 --- [api] [           main] org.hibernate.type.BasicTypeRegistry     : Adding type registration yes_no -> org.hibernate.type.BasicTypeReference@5ab63a04
2024-05-17T16:48:08.259+03:00 DEBUG 25724 --- [api] [           main] org.hibernate.type.BasicTypeRegistry     : Adding type registration org.hibernate.type.YesNoConverter -> org.hibernate.type.BasicTypeReference@5ab63a04
2024-05-17T16:48:08.260+03:00 DEBUG 25724 --- [api] [           main] org.hibernate.type.BasicTypeRegistry     : Adding type registration byte -> org.hibernate.type.BasicTypeReference@677cc4e8
2024-05-17T16:48:08.260+03:00 DEBUG 25724 --- [api] [           main] org.hibernate.type.BasicTypeRegistry     : Adding type registration byte -> org.hibernate.type.BasicTypeReference@677cc4e8
2024-05-17T16:48:08.260+03:00 DEBUG 25724 --- [api] [           main] org.hibernate.type.BasicTypeRegistry     : Adding type registration java.lang.Byte -> org.hibernate.type.BasicTypeReference@677cc4e8
2024-05-17T16:48:08.260+03:00 DEBUG 25724 --- [api] [           main] org.hibernate.type.BasicTypeRegistry     : Adding type registration binary -> org.hibernate.type.BasicTypeReference@4c6bba7d
2024-05-17T16:48:08.260+03:00 DEBUG 25724 --- [api] [           main] org.hibernate.type.BasicTypeRegistry     : Adding type registration byte[] -> org.hibernate.type.BasicTypeReference@4c6bba7d
2024-05-17T16:48:08.260+03:00 DEBUG 25724 --- [api] [           main] org.hibernate.type.BasicTypeRegistry     : Adding type registration [B -> org.hibernate.type.BasicTypeReference@4c6bba7d
2024-05-17T16:48:08.260+03:00 DEBUG 25724 --- [api] [           main] org.hibernate.type.BasicTypeRegistry     : Adding type registration binary_wrapper -> org.hibernate.type.BasicTypeReference@41e8d917
2024-05-17T16:48:08.261+03:00 DEBUG 25724 --- [api] [           main] org.hibernate.type.BasicTypeRegistry     : Adding type registration wrapper-binary -> org.hibernate.type.BasicTypeReference@41e8d917
2024-05-17T16:48:08.261+03:00 DEBUG 25724 --- [api] [           main] org.hibernate.type.BasicTypeRegistry     : Adding type registration image -> org.hibernate.type.BasicTypeReference@2ae5bd34
2024-05-17T16:48:08.261+03:00 DEBUG 25724 --- [api] [           main] org.hibernate.type.BasicTypeRegistry     : Adding type registration blob -> org.hibernate.type.BasicTypeReference@2b3f7704
2024-05-17T16:48:08.261+03:00 DEBUG 25724 --- [api] [           main] org.hibernate.type.BasicTypeRegistry     : Adding type registration java.sql.Blob -> org.hibernate.type.BasicTypeReference@2b3f7704
2024-05-17T16:48:08.261+03:00 DEBUG 25724 --- [api] [           main] org.hibernate.type.BasicTypeRegistry     : Adding type registration materialized_blob -> org.hibernate.type.BasicTypeReference@3a16984c
2024-05-17T16:48:08.261+03:00 DEBUG 25724 --- [api] [           main] org.hibernate.type.BasicTypeRegistry     : Adding type registration materialized_blob_wrapper -> org.hibernate.type.BasicTypeReference@3db1ce78
2024-05-17T16:48:08.261+03:00 DEBUG 25724 --- [api] [           main] org.hibernate.type.BasicTypeRegistry     : Adding type registration short -> org.hibernate.type.BasicTypeReference@3a3ad8e7
2024-05-17T16:48:08.261+03:00 DEBUG 25724 --- [api] [           main] org.hibernate.type.BasicTypeRegistry     : Adding type registration short -> org.hibernate.type.BasicTypeReference@3a3ad8e7
2024-05-17T16:48:08.262+03:00 DEBUG 25724 --- [api] [           main] org.hibernate.type.BasicTypeRegistry     : Adding type registration java.lang.Short -> org.hibernate.type.BasicTypeReference@3a3ad8e7
2024-05-17T16:48:08.262+03:00 DEBUG 25724 --- [api] [           main] org.hibernate.type.BasicTypeRegistry     : Adding type registration integer -> org.hibernate.type.BasicTypeReference@6a6d1ff3
2024-05-17T16:48:08.262+03:00 DEBUG 25724 --- [api] [           main] org.hibernate.type.BasicTypeRegistry     : Adding type registration int -> org.hibernate.type.BasicTypeReference@6a6d1ff3
2024-05-17T16:48:08.262+03:00 DEBUG 25724 --- [api] [           main] org.hibernate.type.BasicTypeRegistry     : Adding type registration java.lang.Integer -> org.hibernate.type.BasicTypeReference@6a6d1ff3
2024-05-17T16:48:08.262+03:00 DEBUG 25724 --- [api] [           main] org.hibernate.type.BasicTypeRegistry     : Adding type registration long -> org.hibernate.type.BasicTypeReference@64b73e0a
2024-05-17T16:48:08.262+03:00 DEBUG 25724 --- [api] [           main] org.hibernate.type.BasicTypeRegistry     : Adding type registration long -> org.hibernate.type.BasicTypeReference@64b73e0a
2024-05-17T16:48:08.262+03:00 DEBUG 25724 --- [api] [           main] org.hibernate.type.BasicTypeRegistry     : Adding type registration java.lang.Long -> org.hibernate.type.BasicTypeReference@64b73e0a
2024-05-17T16:48:08.263+03:00 DEBUG 25724 --- [api] [           main] org.hibernate.type.BasicTypeRegistry     : Adding type registration float -> org.hibernate.type.BasicTypeReference@57c6feea
2024-05-17T16:48:08.263+03:00 DEBUG 25724 --- [api] [           main] org.hibernate.type.BasicTypeRegistry     : Adding type registration float -> org.hibernate.type.BasicTypeReference@57c6feea
2024-05-17T16:48:08.263+03:00 DEBUG 25724 --- [api] [           main] org.hibernate.type.BasicTypeRegistry     : Adding type registration java.lang.Float -> org.hibernate.type.BasicTypeReference@57c6feea
2024-05-17T16:48:08.263+03:00 DEBUG 25724 --- [api] [           main] org.hibernate.type.BasicTypeRegistry     : Adding type registration double -> org.hibernate.type.BasicTypeReference@3b57f915
2024-05-17T16:48:08.263+03:00 DEBUG 25724 --- [api] [           main] org.hibernate.type.BasicTypeRegistry     : Adding type registration double -> org.hibernate.type.BasicTypeReference@3b57f915
2024-05-17T16:48:08.263+03:00 DEBUG 25724 --- [api] [           main] org.hibernate.type.BasicTypeRegistry     : Adding type registration java.lang.Double -> org.hibernate.type.BasicTypeReference@3b57f915
2024-05-17T16:48:08.263+03:00 DEBUG 25724 --- [api] [           main] org.hibernate.type.BasicTypeRegistry     : Adding type registration big_integer -> org.hibernate.type.BasicTypeReference@39c7fb0b
2024-05-17T16:48:08.263+03:00 DEBUG 25724 --- [api] [           main] org.hibernate.type.BasicTypeRegistry     : Adding type registration java.math.BigInteger -> org.hibernate.type.BasicTypeReference@39c7fb0b
2024-05-17T16:48:08.264+03:00 DEBUG 25724 --- [api] [           main] org.hibernate.type.BasicTypeRegistry     : Adding type registration big_decimal -> org.hibernate.type.BasicTypeReference@645dc557
2024-05-17T16:48:08.264+03:00 DEBUG 25724 --- [api] [           main] org.hibernate.type.BasicTypeRegistry     : Adding type registration java.math.BigDecimal -> org.hibernate.type.BasicTypeReference@645dc557
2024-05-17T16:48:08.264+03:00 DEBUG 25724 --- [api] [           main] org.hibernate.type.BasicTypeRegistry     : Adding type registration character -> org.hibernate.type.BasicTypeReference@48c5698
2024-05-17T16:48:08.264+03:00 DEBUG 25724 --- [api] [           main] org.hibernate.type.BasicTypeRegistry     : Adding type registration char -> org.hibernate.type.BasicTypeReference@48c5698
2024-05-17T16:48:08.264+03:00 DEBUG 25724 --- [api] [           main] org.hibernate.type.BasicTypeRegistry     : Adding type registration java.lang.Character -> org.hibernate.type.BasicTypeReference@48c5698
2024-05-17T16:48:08.264+03:00 DEBUG 25724 --- [api] [           main] org.hibernate.type.BasicTypeRegistry     : Adding type registration character_nchar -> org.hibernate.type.BasicTypeReference@17884d
2024-05-17T16:48:08.264+03:00 DEBUG 25724 --- [api] [           main] org.hibernate.type.BasicTypeRegistry     : Adding type registration string -> org.hibernate.type.BasicTypeReference@68e24e7
2024-05-17T16:48:08.264+03:00 DEBUG 25724 --- [api] [           main] org.hibernate.type.BasicTypeRegistry     : Adding type registration java.lang.String -> org.hibernate.type.BasicTypeReference@68e24e7
2024-05-17T16:48:08.265+03:00 DEBUG 25724 --- [api] [           main] org.hibernate.type.BasicTypeRegistry     : Adding type registration nstring -> org.hibernate.type.BasicTypeReference@c732e1c
2024-05-17T16:48:08.265+03:00 DEBUG 25724 --- [api] [           main] org.hibernate.type.BasicTypeRegistry     : Adding type registration characters -> org.hibernate.type.BasicTypeReference@6aad919c
2024-05-17T16:48:08.265+03:00 DEBUG 25724 --- [api] [           main] org.hibernate.type.BasicTypeRegistry     : Adding type registration char[] -> org.hibernate.type.BasicTypeReference@6aad919c
2024-05-17T16:48:08.265+03:00 DEBUG 25724 --- [api] [           main] org.hibernate.type.BasicTypeRegistry     : Adding type registration [C -> org.hibernate.type.BasicTypeReference@6aad919c
2024-05-17T16:48:08.265+03:00 DEBUG 25724 --- [api] [           main] org.hibernate.type.BasicTypeRegistry     : Adding type registration wrapper-characters -> org.hibernate.type.BasicTypeReference@56c42964
2024-05-17T16:48:08.265+03:00 DEBUG 25724 --- [api] [           main] org.hibernate.type.BasicTypeRegistry     : Adding type registration text -> org.hibernate.type.BasicTypeReference@211a9647
2024-05-17T16:48:08.265+03:00 DEBUG 25724 --- [api] [           main] org.hibernate.type.BasicTypeRegistry     : Adding type registration ntext -> org.hibernate.type.BasicTypeReference@340c5fb6
2024-05-17T16:48:08.266+03:00 DEBUG 25724 --- [api] [           main] org.hibernate.type.BasicTypeRegistry     : Adding type registration clob -> org.hibernate.type.BasicTypeReference@322b09da
2024-05-17T16:48:08.266+03:00 DEBUG 25724 --- [api] [           main] org.hibernate.type.BasicTypeRegistry     : Adding type registration java.sql.Clob -> org.hibernate.type.BasicTypeReference@322b09da
2024-05-17T16:48:08.266+03:00 DEBUG 25724 --- [api] [           main] org.hibernate.type.BasicTypeRegistry     : Adding type registration nclob -> org.hibernate.type.BasicTypeReference@45d389f2
2024-05-17T16:48:08.266+03:00 DEBUG 25724 --- [api] [           main] org.hibernate.type.BasicTypeRegistry     : Adding type registration java.sql.NClob -> org.hibernate.type.BasicTypeReference@45d389f2
2024-05-17T16:48:08.266+03:00 DEBUG 25724 --- [api] [           main] org.hibernate.type.BasicTypeRegistry     : Adding type registration materialized_clob -> org.hibernate.type.BasicTypeReference@308e87a1
2024-05-17T16:48:08.266+03:00 DEBUG 25724 --- [api] [           main] org.hibernate.type.BasicTypeRegistry     : Adding type registration materialized_clob_char_array -> org.hibernate.type.BasicTypeReference@66298fe9
2024-05-17T16:48:08.266+03:00 DEBUG 25724 --- [api] [           main] org.hibernate.type.BasicTypeRegistry     : Adding type registration materialized_clob_character_array -> org.hibernate.type.BasicTypeReference@c262f2f
2024-05-17T16:48:08.266+03:00 DEBUG 25724 --- [api] [           main] org.hibernate.type.BasicTypeRegistry     : Adding type registration materialized_nclob -> org.hibernate.type.BasicTypeReference@5563bb40
2024-05-17T16:48:08.267+03:00 DEBUG 25724 --- [api] [           main] org.hibernate.type.BasicTypeRegistry     : Adding type registration materialized_nclob_character_array -> org.hibernate.type.BasicTypeReference@11148dc2
2024-05-17T16:48:08.267+03:00 DEBUG 25724 --- [api] [           main] org.hibernate.type.BasicTypeRegistry     : Adding type registration materialized_nclob_char_array -> org.hibernate.type.BasicTypeReference@3be80ece
2024-05-17T16:48:08.267+03:00 DEBUG 25724 --- [api] [           main] org.hibernate.type.BasicTypeRegistry     : Adding type registration Duration -> org.hibernate.type.BasicTypeReference@60a01cb
2024-05-17T16:48:08.267+03:00 DEBUG 25724 --- [api] [           main] org.hibernate.type.BasicTypeRegistry     : Adding type registration java.time.Duration -> org.hibernate.type.BasicTypeReference@60a01cb
2024-05-17T16:48:08.267+03:00 DEBUG 25724 --- [api] [           main] org.hibernate.type.BasicTypeRegistry     : Adding type registration LocalDateTime -> org.hibernate.type.BasicTypeReference@4efb13f1
2024-05-17T16:48:08.267+03:00 DEBUG 25724 --- [api] [           main] org.hibernate.type.BasicTypeRegistry     : Adding type registration java.time.LocalDateTime -> org.hibernate.type.BasicTypeReference@4efb13f1
2024-05-17T16:48:08.267+03:00 DEBUG 25724 --- [api] [           main] org.hibernate.type.BasicTypeRegistry     : Adding type registration LocalDate -> org.hibernate.type.BasicTypeReference@7bb4ed71
2024-05-17T16:48:08.267+03:00 DEBUG 25724 --- [api] [           main] org.hibernate.type.BasicTypeRegistry     : Adding type registration java.time.LocalDate -> org.hibernate.type.BasicTypeReference@7bb4ed71
2024-05-17T16:48:08.268+03:00 DEBUG 25724 --- [api] [           main] org.hibernate.type.BasicTypeRegistry     : Adding type registration LocalTime -> org.hibernate.type.BasicTypeReference@5112b7
2024-05-17T16:48:08.268+03:00 DEBUG 25724 --- [api] [           main] org.hibernate.type.BasicTypeRegistry     : Adding type registration java.time.LocalTime -> org.hibernate.type.BasicTypeReference@5112b7
2024-05-17T16:48:08.268+03:00 DEBUG 25724 --- [api] [           main] org.hibernate.type.BasicTypeRegistry     : Adding type registration OffsetDateTime -> org.hibernate.type.BasicTypeReference@56835f2f
2024-05-17T16:48:08.268+03:00 DEBUG 25724 --- [api] [           main] org.hibernate.type.BasicTypeRegistry     : Adding type registration java.time.OffsetDateTime -> org.hibernate.type.BasicTypeReference@56835f2f
2024-05-17T16:48:08.268+03:00 DEBUG 25724 --- [api] [           main] org.hibernate.type.BasicTypeRegistry     : Adding type registration OffsetDateTimeWithTimezone -> org.hibernate.type.BasicTypeReference@40f1aa95
2024-05-17T16:48:08.268+03:00 DEBUG 25724 --- [api] [           main] org.hibernate.type.BasicTypeRegistry     : Adding type registration OffsetDateTimeWithoutTimezone -> org.hibernate.type.BasicTypeReference@1c72189f
2024-05-17T16:48:08.268+03:00 DEBUG 25724 --- [api] [           main] org.hibernate.type.BasicTypeRegistry     : Adding type registration OffsetTime -> org.hibernate.type.BasicTypeReference@14be750c
2024-05-17T16:48:08.268+03:00 DEBUG 25724 --- [api] [           main] org.hibernate.type.BasicTypeRegistry     : Adding type registration java.time.OffsetTime -> org.hibernate.type.BasicTypeReference@14be750c
2024-05-17T16:48:08.268+03:00 DEBUG 25724 --- [api] [           main] org.hibernate.type.BasicTypeRegistry     : Adding type registration OffsetTimeUtc -> org.hibernate.type.BasicTypeReference@58882a93
2024-05-17T16:48:08.269+03:00 DEBUG 25724 --- [api] [           main] org.hibernate.type.BasicTypeRegistry     : Adding type registration OffsetTimeWithTimezone -> org.hibernate.type.BasicTypeReference@15e08615
2024-05-17T16:48:08.269+03:00 DEBUG 25724 --- [api] [           main] org.hibernate.type.BasicTypeRegistry     : Adding type registration OffsetTimeWithoutTimezone -> org.hibernate.type.BasicTypeReference@19dac2d6
2024-05-17T16:48:08.269+03:00 DEBUG 25724 --- [api] [           main] org.hibernate.type.BasicTypeRegistry     : Adding type registration ZonedDateTime -> org.hibernate.type.BasicTypeReference@7e2bc2f4
2024-05-17T16:48:08.269+03:00 DEBUG 25724 --- [api] [           main] org.hibernate.type.BasicTypeRegistry     : Adding type registration java.time.ZonedDateTime -> org.hibernate.type.BasicTypeReference@7e2bc2f4
2024-05-17T16:48:08.269+03:00 DEBUG 25724 --- [api] [           main] org.hibernate.type.BasicTypeRegistry     : Adding type registration ZonedDateTimeWithTimezone -> org.hibernate.type.BasicTypeReference@67eeb310
2024-05-17T16:48:08.269+03:00 DEBUG 25724 --- [api] [           main] org.hibernate.type.BasicTypeRegistry     : Adding type registration ZonedDateTimeWithoutTimezone -> org.hibernate.type.BasicTypeReference@76af51d6
2024-05-17T16:48:08.269+03:00 DEBUG 25724 --- [api] [           main] org.hibernate.type.BasicTypeRegistry     : Adding type registration date -> org.hibernate.type.BasicTypeReference@39ace1a7
2024-05-17T16:48:08.269+03:00 DEBUG 25724 --- [api] [           main] org.hibernate.type.BasicTypeRegistry     : Adding type registration java.sql.Date -> org.hibernate.type.BasicTypeReference@39ace1a7
2024-05-17T16:48:08.269+03:00 DEBUG 25724 --- [api] [           main] org.hibernate.type.BasicTypeRegistry     : Adding type registration time -> org.hibernate.type.BasicTypeReference@1930a804
2024-05-17T16:48:08.270+03:00 DEBUG 25724 --- [api] [           main] org.hibernate.type.BasicTypeRegistry     : Adding type registration java.sql.Time -> org.hibernate.type.BasicTypeReference@1930a804
2024-05-17T16:48:08.270+03:00 DEBUG 25724 --- [api] [           main] org.hibernate.type.BasicTypeRegistry     : Adding type registration timestamp -> org.hibernate.type.BasicTypeReference@bd4ee01
2024-05-17T16:48:08.270+03:00 DEBUG 25724 --- [api] [           main] org.hibernate.type.BasicTypeRegistry     : Adding type registration java.sql.Timestamp -> org.hibernate.type.BasicTypeReference@bd4ee01
2024-05-17T16:48:08.270+03:00 DEBUG 25724 --- [api] [           main] org.hibernate.type.BasicTypeRegistry     : Adding type registration java.util.Date -> org.hibernate.type.BasicTypeReference@bd4ee01
2024-05-17T16:48:08.270+03:00 DEBUG 25724 --- [api] [           main] org.hibernate.type.BasicTypeRegistry     : Adding type registration calendar -> org.hibernate.type.BasicTypeReference@7f93f4c
2024-05-17T16:48:08.270+03:00 DEBUG 25724 --- [api] [           main] org.hibernate.type.BasicTypeRegistry     : Adding type registration java.util.Calendar -> org.hibernate.type.BasicTypeReference@7f93f4c
2024-05-17T16:48:08.270+03:00 DEBUG 25724 --- [api] [           main] org.hibernate.type.BasicTypeRegistry     : Adding type registration java.util.GregorianCalendar -> org.hibernate.type.BasicTypeReference@7f93f4c
2024-05-17T16:48:08.270+03:00 DEBUG 25724 --- [api] [           main] org.hibernate.type.BasicTypeRegistry     : Adding type registration calendar_date -> org.hibernate.type.BasicTypeReference@598657cd
2024-05-17T16:48:08.270+03:00 DEBUG 25724 --- [api] [           main] org.hibernate.type.BasicTypeRegistry     : Adding type registration calendar_time -> org.hibernate.type.BasicTypeReference@456aa471
2024-05-17T16:48:08.271+03:00 DEBUG 25724 --- [api] [           main] org.hibernate.type.BasicTypeRegistry     : Adding type registration instant -> org.hibernate.type.BasicTypeReference@69e2fe3b
2024-05-17T16:48:08.271+03:00 DEBUG 25724 --- [api] [           main] org.hibernate.type.BasicTypeRegistry     : Adding type registration java.time.Instant -> org.hibernate.type.BasicTypeReference@69e2fe3b
2024-05-17T16:48:08.271+03:00 DEBUG 25724 --- [api] [           main] org.hibernate.type.BasicTypeRegistry     : Adding type registration uuid -> org.hibernate.type.BasicTypeReference@27afbf14
2024-05-17T16:48:08.271+03:00 DEBUG 25724 --- [api] [           main] org.hibernate.type.BasicTypeRegistry     : Adding type registration java.util.UUID -> org.hibernate.type.BasicTypeReference@27afbf14
2024-05-17T16:48:08.271+03:00 DEBUG 25724 --- [api] [           main] org.hibernate.type.BasicTypeRegistry     : Adding type registration pg-uuid -> org.hibernate.type.BasicTypeReference@27afbf14
2024-05-17T16:48:08.271+03:00 DEBUG 25724 --- [api] [           main] org.hibernate.type.BasicTypeRegistry     : Adding type registration uuid-binary -> org.hibernate.type.BasicTypeReference@4cfcac13
2024-05-17T16:48:08.271+03:00 DEBUG 25724 --- [api] [           main] org.hibernate.type.BasicTypeRegistry     : Adding type registration uuid-char -> org.hibernate.type.BasicTypeReference@5c25d0d1
2024-05-17T16:48:08.271+03:00 DEBUG 25724 --- [api] [           main] org.hibernate.type.BasicTypeRegistry     : Adding type registration class -> org.hibernate.type.BasicTypeReference@22c8ee48
2024-05-17T16:48:08.271+03:00 DEBUG 25724 --- [api] [           main] org.hibernate.type.BasicTypeRegistry     : Adding type registration java.lang.Class -> org.hibernate.type.BasicTypeReference@22c8ee48
2024-05-17T16:48:08.272+03:00 DEBUG 25724 --- [api] [           main] org.hibernate.type.BasicTypeRegistry     : Adding type registration currency -> org.hibernate.type.BasicTypeReference@7845b21a
2024-05-17T16:48:08.272+03:00 DEBUG 25724 --- [api] [           main] org.hibernate.type.BasicTypeRegistry     : Adding type registration Currency -> org.hibernate.type.BasicTypeReference@7845b21a
2024-05-17T16:48:08.272+03:00 DEBUG 25724 --- [api] [           main] org.hibernate.type.BasicTypeRegistry     : Adding type registration java.util.Currency -> org.hibernate.type.BasicTypeReference@7845b21a
2024-05-17T16:48:08.272+03:00 DEBUG 25724 --- [api] [           main] org.hibernate.type.BasicTypeRegistry     : Adding type registration locale -> org.hibernate.type.BasicTypeReference@51f01535
2024-05-17T16:48:08.272+03:00 DEBUG 25724 --- [api] [           main] org.hibernate.type.BasicTypeRegistry     : Adding type registration java.util.Locale -> org.hibernate.type.BasicTypeReference@51f01535
2024-05-17T16:48:08.272+03:00 DEBUG 25724 --- [api] [           main] org.hibernate.type.BasicTypeRegistry     : Adding type registration serializable -> org.hibernate.type.BasicTypeReference@2321e482
2024-05-17T16:48:08.272+03:00 DEBUG 25724 --- [api] [           main] org.hibernate.type.BasicTypeRegistry     : Adding type registration java.io.Serializable -> org.hibernate.type.BasicTypeReference@2321e482
2024-05-17T16:48:08.272+03:00 DEBUG 25724 --- [api] [           main] org.hibernate.type.BasicTypeRegistry     : Adding type registration timezone -> org.hibernate.type.BasicTypeReference@467ef400
2024-05-17T16:48:08.273+03:00 DEBUG 25724 --- [api] [           main] org.hibernate.type.BasicTypeRegistry     : Adding type registration java.util.TimeZone -> org.hibernate.type.BasicTypeReference@467ef400
2024-05-17T16:48:08.273+03:00 DEBUG 25724 --- [api] [           main] org.hibernate.type.BasicTypeRegistry     : Adding type registration ZoneOffset -> org.hibernate.type.BasicTypeReference@13fe5bb7
2024-05-17T16:48:08.273+03:00 DEBUG 25724 --- [api] [           main] org.hibernate.type.BasicTypeRegistry     : Adding type registration java.time.ZoneOffset -> org.hibernate.type.BasicTypeReference@13fe5bb7
2024-05-17T16:48:08.273+03:00 DEBUG 25724 --- [api] [           main] org.hibernate.type.BasicTypeRegistry     : Adding type registration url -> org.hibernate.type.BasicTypeReference@4276ad40
2024-05-17T16:48:08.273+03:00 DEBUG 25724 --- [api] [           main] org.hibernate.type.BasicTypeRegistry     : Adding type registration java.net.URL -> org.hibernate.type.BasicTypeReference@4276ad40
2024-05-17T16:48:08.273+03:00 DEBUG 25724 --- [api] [           main] org.hibernate.type.BasicTypeRegistry     : Adding type registration vector -> org.hibernate.type.BasicTypeReference@6e5f5478
2024-05-17T16:48:08.273+03:00 DEBUG 25724 --- [api] [           main] org.hibernate.type.BasicTypeRegistry     : Adding type registration row_version -> org.hibernate.type.BasicTypeReference@5fb07347
2024-05-17T16:48:08.282+03:00 DEBUG 25724 --- [api] [           main] org.hibernate.type.BasicTypeRegistry     : Adding type registration object -> org.hibernate.type.JavaObjectType@67afe909
2024-05-17T16:48:08.282+03:00 DEBUG 25724 --- [api] [           main] org.hibernate.type.BasicTypeRegistry     : Adding type registration java.lang.Object -> org.hibernate.type.JavaObjectType@67afe909
2024-05-17T16:48:08.284+03:00 DEBUG 25724 --- [api] [           main] org.hibernate.type.BasicTypeRegistry     : Adding type registration null -> org.hibernate.type.NullType@49631cfb
2024-05-17T16:48:08.285+03:00 DEBUG 25724 --- [api] [           main] org.hibernate.type.BasicTypeRegistry     : Adding type registration imm_date -> org.hibernate.type.BasicTypeReference@77b71c9
2024-05-17T16:48:08.285+03:00 DEBUG 25724 --- [api] [           main] org.hibernate.type.BasicTypeRegistry     : Adding type registration imm_time -> org.hibernate.type.BasicTypeReference@30ffb2a6
2024-05-17T16:48:08.285+03:00 DEBUG 25724 --- [api] [           main] org.hibernate.type.BasicTypeRegistry     : Adding type registration imm_timestamp -> org.hibernate.type.BasicTypeReference@612af486
2024-05-17T16:48:08.285+03:00 DEBUG 25724 --- [api] [           main] org.hibernate.type.BasicTypeRegistry     : Adding type registration imm_calendar -> org.hibernate.type.BasicTypeReference@3d033453
2024-05-17T16:48:08.285+03:00 DEBUG 25724 --- [api] [           main] org.hibernate.type.BasicTypeRegistry     : Adding type registration imm_calendar_date -> org.hibernate.type.BasicTypeReference@43deba42
2024-05-17T16:48:08.285+03:00 DEBUG 25724 --- [api] [           main] org.hibernate.type.BasicTypeRegistry     : Adding type registration imm_calendar_time -> org.hibernate.type.BasicTypeReference@e795a1d
2024-05-17T16:48:08.285+03:00 DEBUG 25724 --- [api] [           main] org.hibernate.type.BasicTypeRegistry     : Adding type registration imm_binary -> org.hibernate.type.BasicTypeReference@38c10190
2024-05-17T16:48:08.285+03:00 DEBUG 25724 --- [api] [           main] org.hibernate.type.BasicTypeRegistry     : Adding type registration imm_serializable -> org.hibernate.type.BasicTypeReference@1cc41b77
2024-05-17T16:48:08.520+03:00  INFO 25724 --- [api] [           main] o.s.o.j.p.SpringPersistenceUnitInfo      : No LoadTimeWeaver setup: ignoring JPA class transformer
2024-05-17T16:48:08.705+03:00 DEBUG 25724 --- [api] [           main] o.h.t.d.sql.spi.DdlTypeRegistry          : addDescriptor(12, org.hibernate.type.descriptor.sql.internal.CapacityDependentDdlType@342723a3) replaced previous registration(org.hibernate.type.descriptor.sql.internal.CapacityDependentDdlType@f3876ef)
2024-05-17T16:48:08.706+03:00 DEBUG 25724 --- [api] [           main] o.h.t.d.sql.spi.DdlTypeRegistry          : addDescriptor(-9, org.hibernate.type.descriptor.sql.internal.CapacityDependentDdlType@6b751cb1) replaced previous registration(org.hibernate.type.descriptor.sql.internal.CapacityDependentDdlType@df9d400)
2024-05-17T16:48:08.706+03:00 DEBUG 25724 --- [api] [           main] o.h.t.d.sql.spi.DdlTypeRegistry          : addDescriptor(-3, org.hibernate.type.descriptor.sql.internal.CapacityDependentDdlType@4ec427) replaced previous registration(org.hibernate.type.descriptor.sql.internal.CapacityDependentDdlType@4c8d45cf)
2024-05-17T16:48:08.706+03:00 DEBUG 25724 --- [api] [           main] o.h.t.d.sql.spi.DdlTypeRegistry          : addDescriptor(4003, org.hibernate.type.descriptor.sql.internal.DdlTypeImpl@fde487b) replaced previous registration(org.hibernate.type.descriptor.sql.internal.DdlTypeImpl@4cc4d454)
2024-05-17T16:48:08.706+03:00 DEBUG 25724 --- [api] [           main] o.h.t.d.sql.spi.DdlTypeRegistry          : addDescriptor(4001, org.hibernate.type.descriptor.sql.internal.DdlTypeImpl@3add5e17) replaced previous registration(org.hibernate.type.descriptor.sql.internal.DdlTypeImpl@1c58d7be)
2024-05-17T16:48:08.706+03:00 DEBUG 25724 --- [api] [           main] o.h.t.d.sql.spi.DdlTypeRegistry          : addDescriptor(4002, org.hibernate.type.descriptor.sql.internal.DdlTypeImpl@61b8c9de) replaced previous registration(org.hibernate.type.descriptor.sql.internal.DdlTypeImpl@b34c7c9)
2024-05-17T16:48:08.706+03:00 DEBUG 25724 --- [api] [           main] o.h.t.d.sql.spi.DdlTypeRegistry          : addDescriptor(2004, org.hibernate.type.descriptor.sql.internal.CapacityDependentDdlType@5b490d5e) replaced previous registration(org.hibernate.type.descriptor.sql.internal.DdlTypeImpl@1f6c4ae)
2024-05-17T16:48:08.706+03:00 DEBUG 25724 --- [api] [           main] o.h.t.d.sql.spi.DdlTypeRegistry          : addDescriptor(2005, org.hibernate.type.descriptor.sql.internal.CapacityDependentDdlType@26270b77) replaced previous registration(org.hibernate.type.descriptor.sql.internal.DdlTypeImpl@b808af5)
2024-05-17T16:48:08.706+03:00 DEBUG 25724 --- [api] [           main] o.h.t.d.sql.spi.DdlTypeRegistry          : addDescriptor(2011, org.hibernate.type.descriptor.sql.internal.CapacityDependentDdlType@18b04526) replaced previous registration(org.hibernate.type.descriptor.sql.internal.DdlTypeImpl@2fd4312a)
2024-05-17T16:48:08.708+03:00 DEBUG 25724 --- [api] [           main] o.h.t.d.jdbc.spi.JdbcTypeRegistry        : addDescriptor(NCharTypeDescriptor) replaced previous registration(CharTypeDescriptor)
2024-05-17T16:48:08.709+03:00 DEBUG 25724 --- [api] [           main] o.h.t.d.jdbc.spi.JdbcTypeRegistry        : addDescriptor(NVarcharTypeDescriptor) replaced previous registration(VarcharTypeDescriptor)
2024-05-17T16:48:08.709+03:00 DEBUG 25724 --- [api] [           main] o.h.t.d.jdbc.spi.JdbcTypeRegistry        : addDescriptor(LongNVarcharTypeDescriptor) replaced previous registration(LongVarcharTypeDescriptor)
2024-05-17T16:48:08.711+03:00 DEBUG 25724 --- [api] [           main] o.h.t.d.jdbc.spi.JdbcTypeRegistry        : addDescriptor(NClobTypeDescriptor(DEFAULT)) replaced previous registration(ClobTypeDescriptor(DEFAULT))
2024-05-17T16:48:08.712+03:00 DEBUG 25724 --- [api] [           main] o.h.t.d.jdbc.spi.JdbcTypeRegistry        : addDescriptor(2005, ClobTypeDescriptor(STREAM_BINDING)) replaced previous registration(ClobTypeDescriptor(DEFAULT))
2024-05-17T16:48:08.715+03:00 DEBUG 25724 --- [api] [           main] org.hibernate.type.BasicTypeRegistry     : Adding type registration null -> org.hibernate.type.NullType@3350ab4
2024-05-17T16:48:08.715+03:00 DEBUG 25724 --- [api] [           main] org.hibernate.type.BasicTypeRegistry     : Type registration key [null] overrode previous entry : `org.hibernate.type.NullType@49631cfb`
2024-05-17T16:48:08.721+03:00 DEBUG 25724 --- [api] [           main] org.hibernate.type.BasicTypeRegistry     : Adding type registration org.hibernate.type.DurationType -> basicType@1(java.time.Duration,3015)
2024-05-17T16:48:08.721+03:00 DEBUG 25724 --- [api] [           main] org.hibernate.type.BasicTypeRegistry     : Adding type registration Duration -> basicType@1(java.time.Duration,3015)
2024-05-17T16:48:08.721+03:00 DEBUG 25724 --- [api] [           main] org.hibernate.type.BasicTypeRegistry     : Adding type registration java.time.Duration -> basicType@1(java.time.Duration,3015)
2024-05-17T16:48:08.725+03:00 DEBUG 25724 --- [api] [           main] org.hibernate.type.BasicTypeRegistry     : Adding type registration org.hibernate.type.OffsetDateTimeType -> basicType@2(java.time.OffsetDateTime,3003)
2024-05-17T16:48:08.725+03:00 DEBUG 25724 --- [api] [           main] org.hibernate.type.BasicTypeRegistry     : Adding type registration OffsetDateTime -> basicType@2(java.time.OffsetDateTime,3003)
2024-05-17T16:48:08.726+03:00 DEBUG 25724 --- [api] [           main] org.hibernate.type.BasicTypeRegistry     : Adding type registration java.time.OffsetDateTime -> basicType@2(java.time.OffsetDateTime,3003)
2024-05-17T16:48:08.726+03:00 DEBUG 25724 --- [api] [           main] org.hibernate.type.BasicTypeRegistry     : Adding type registration org.hibernate.type.ZonedDateTimeType -> basicType@3(java.time.ZonedDateTime,3003)
2024-05-17T16:48:08.726+03:00 DEBUG 25724 --- [api] [           main] org.hibernate.type.BasicTypeRegistry     : Adding type registration ZonedDateTime -> basicType@3(java.time.ZonedDateTime,3003)
2024-05-17T16:48:08.726+03:00 DEBUG 25724 --- [api] [           main] org.hibernate.type.BasicTypeRegistry     : Adding type registration java.time.ZonedDateTime -> basicType@3(java.time.ZonedDateTime,3003)
2024-05-17T16:48:08.727+03:00 DEBUG 25724 --- [api] [           main] org.hibernate.type.BasicTypeRegistry     : Adding type registration org.hibernate.type.OffsetTimeType -> basicType@4(java.time.OffsetTime,3007)
2024-05-17T16:48:08.727+03:00 DEBUG 25724 --- [api] [           main] org.hibernate.type.BasicTypeRegistry     : Adding type registration OffsetTime -> basicType@4(java.time.OffsetTime,3007)
2024-05-17T16:48:08.727+03:00 DEBUG 25724 --- [api] [           main] org.hibernate.type.BasicTypeRegistry     : Adding type registration java.time.OffsetTime -> basicType@4(java.time.OffsetTime,3007)
2024-05-17T16:48:08.728+03:00 DEBUG 25724 --- [api] [           main] o.h.type.spi.TypeConfiguration$Scope     : Scoping TypeConfiguration [org.hibernate.type.spi.TypeConfiguration@edbc2bf] to MetadataBuildingContext [org.hibernate.boot.internal.MetadataBuildingContextRootImpl@3e01796a]
2024-05-17T16:48:09.781+03:00  INFO 25724 --- [api] [           main] o.h.e.t.j.p.i.JtaPlatformInitiator       : HHH000489: No JTA platform available (set 'hibernate.transaction.jta.platform' to enable JTA platform integration)
2024-05-17T16:48:09.782+03:00 DEBUG 25724 --- [api] [           main] o.h.type.spi.TypeConfiguration$Scope     : Scoping TypeConfiguration [org.hibernate.type.spi.TypeConfiguration@edbc2bf] to SessionFactoryImplementor [org.hibernate.internal.SessionFactoryImpl@1f3dafd4]
2024-05-17T16:48:09.783+03:00 TRACE 25724 --- [api] [           main] o.h.type.spi.TypeConfiguration$Scope     : Handling #sessionFactoryCreated from [org.hibernate.internal.SessionFactoryImpl@1f3dafd4] for TypeConfiguration
2024-05-17T16:48:09.784+03:00  INFO 25724 --- [api] [           main] j.LocalContainerEntityManagerFactoryBean : Initialized JPA EntityManagerFactory for persistence unit 'default'
2024-05-17T16:48:10.171+03:00  WARN 25724 --- [api] [           main] JpaBaseConfiguration$JpaWebConfiguration : spring.jpa.open-in-view is enabled by default. Therefore, database queries may be performed during view rendering. Explicitly configure spring.jpa.open-in-view to disable this warning
2024-05-17T16:48:10.595+03:00  INFO 25724 --- [api] [           main] o.s.s.web.DefaultSecurityFilterChain     : Will secure any request with [org.springframework.security.web.session.DisableEncodeUrlFilter@41962299, org.springframework.security.web.context.request.async.WebAsyncManagerIntegrationFilter@3f910f36, org.springframework.security.web.context.SecurityContextHolderFilter@2e9f5499, org.springframework.security.web.header.HeaderWriterFilter@31ecd003, org.springframework.web.filter.CorsFilter@6421bc7e, org.springframework.security.web.authentication.logout.LogoutFilter@1002c49e, com.internhub.api.config.JwtAuthFilter@66b62332, org.springframework.security.web.savedrequest.RequestCacheAwareFilter@5af47414, org.springframework.security.web.servletapi.SecurityContextHolderAwareRequestFilter@43e9a8a2, org.springframework.security.web.authentication.AnonymousAuthenticationFilter@2e2546bf, org.springframework.security.web.session.SessionManagementFilter@3bf4b018, org.springframework.security.web.access.ExceptionTranslationFilter@50b78155, org.springframework.security.web.access.intercept.FilterSecurityInterceptor@7bf997e0]
2024-05-17T16:48:11.111+03:00  INFO 25724 --- [api] [           main] com.internhub.api.ApiApplicationTests    : Started ApiApplicationTests in 5.872 seconds (process running for 6.889)
url:jdbc:mysql://localhost:3306/internHub
]]></system-out>
  </testcase>
</testsuite>